<?xml version="1.0" encoding="UTF-8"?>
<!-- Generated by org.testng.reporters.JUnitReportReporter -->
<testsuite hostname="LAPTOP-4JF1BIDK" failures="0" tests="1" name="practice.testng.SampleTestForScreenShot" time="6.733" errors="0" timestamp="2024-10-08T15:05:14 IST" skipped="0">
  <testcase classname="practice.testng.SampleTestForScreenShot" name="amazonTest" time="6.733"/>
</testsuite> <!-- practice.testng.SampleTestForScreenShot -->
