<?xml version="1.0" encoding="UTF-8"?>
<!-- Generated by org.testng.reporters.JUnitReportReporter -->
<testsuite hostname="LAPTOP-4JF1BIDK" failures="0" tests="1" name="practice.testng.TestScreen" time="6.822" errors="0" timestamp="2024-10-08T15:52:15 IST" skipped="0">
  <testcase classname="practice.testng.TestScreen" name="screenshot" time="6.822"/>
</testsuite> <!-- practice.testng.TestScreen -->
