<?xml version="1.0" encoding="UTF-8"?>
<!-- Generated by org.testng.reporters.JUnitReportReporter -->
<testsuite hostname="LAPTOP-4JF1BIDK" failures="0" tests="6" name="testcasedeepak.TigerCRMContactCreatewithlastname" time="39.242" errors="0" timestamp="2024-10-09T13:39:33 IST" skipped="0">
  <testcase classname="testcasedeepak.TigerCRMContactCreatewithlastname" name="TigerCRMContactCreatewithphone" time="5.883"/>
  <testcase classname="testcasedeepak.TigerCRMContactCreatewithlastname" name="contactcreate" time="6.435">
    <system-out>
      <![CDATA[hello]]>
    </system-out>
  </testcase> <!-- contactcreate -->
  <testcase classname="testcasedeepak.TigerCRMContactCreatewithlastname" name="TigerCRMContactCreatewithphone" time="6.086"/>
  <testcase classname="testcasedeepak.TigerCRMContactCreatewithlastname" name="TigerCRMContactCreatewithlastnamedate" time="6.918"/>
  <testcase classname="testcasedeepak.TigerCRMContactCreatewithlastname" name="contactcreate" time="6.617">
    <system-out>
      <![CDATA[hello]]>
    </system-out>
  </testcase> <!-- contactcreate -->
  <testcase classname="testcasedeepak.TigerCRMContactCreatewithlastname" name="TigerCRMContactCreatewithlastnamedate" time="7.303"/>
  <system-out>
    <![CDATA[hello
hello]]>
  </system-out>
</testsuite> <!-- testcasedeepak.TigerCRMContactCreatewithlastname -->
