<?xml version="1.0" encoding="UTF-8"?>
<!-- Generated by org.testng.reporters.JUnitReportReporter -->
<testsuite hostname="LAPTOP-4JF1BIDK" failures="0" tests="2" name="com.crm.comcast.contacttest.CreateContactTest" time="0.020" errors="0" timestamp="2024-10-03T12:55:30 IST" skipped="0">
  <testcase classname="com.crm.comcast.contacttest.CreateContactTest" name="createcontactDD" time="0.006"/>
  <testcase classname="com.crm.comcast.contacttest.CreateContactTest" name="createcontact" time="0.014"/>
</testsuite> <!-- com.crm.comcast.contacttest.CreateContactTest -->
