<?xml version="1.0" encoding="UTF-8"?>
<!-- Generated by org.testng.reporters.JUnitReportReporter -->
<testsuite hostname="LAPTOP-4JF1BIDK" failures="0" tests="3" name="practice.testng.OrderTest" time="0.021" errors="0" timestamp="2024-09-30T19:45:46 IST" skipped="0">
  <testcase classname="practice.testng.OrderTest" name="billingAnOrderTest" time="0.003"/>
  <testcase classname="practice.testng.OrderTest" name="createOrderTest" time="0.016"/>
  <testcase classname="practice.testng.OrderTest" name="create" time="0.002"/>
</testsuite> <!-- practice.testng.OrderTest -->
