<?xml version="1.0" encoding="UTF-8"?>
<!-- Generated by org.testng.reporters.JUnitReportReporter -->
<testsuite hostname="LAPTOP-4JF1BIDK" failures="0" tests="3" name="practice.testng.CreateContactTest_DP" time="0.015" errors="0" timestamp="2024-10-01T10:40:50 IST" skipped="0">
  <testcase classname="practice.testng.CreateContactTest_DP" name="createcontacttest" time="0.001"/>
  <testcase classname="practice.testng.CreateContactTest_DP" name="createcontacttest" time="0.001"/>
  <testcase classname="practice.testng.CreateContactTest_DP" name="createcontacttest" time="0.013"/>
</testsuite> <!-- practice.testng.CreateContactTest_DP -->
