<?xml version="1.0" encoding="UTF-8"?>
<!-- Generated by org.testng.reporters.JUnitReportReporter -->
<testsuite hostname="LAPTOP-4JF1BIDK" failures="0" tests="2" name="com.crm.comcast.orgtest.CreateOrgTest" time="0.018" errors="0" timestamp="2024-10-03T17:23:00 IST" skipped="0">
  <testcase classname="com.crm.comcast.orgtest.CreateOrgTest" name="createOrgWithIndustry" time="0.005"/>
  <testcase classname="com.crm.comcast.orgtest.CreateOrgTest" name="createOrgTest" time="0.013"/>
</testsuite> <!-- com.crm.comcast.orgtest.CreateOrgTest -->
