<?xml version="1.0" encoding="UTF-8"?>
<!-- Generated by org.testng.reporters.JUnitReportReporter -->
<testsuite hostname="LAPTOP-4JF1BIDK" failures="0" tests="1" name="practice.testng.Sampletest" time="0.018" errors="0" timestamp="2024-09-30T13:22:44 IST" skipped="0">
  <testcase classname="practice.testng.Sampletest" name="test1" time="0.018"/>
</testsuite> <!-- practice.testng.Sampletest -->
