<?xml version="1.0" encoding="UTF-8"?>
<!-- Generated by org.testng.reporters.JUnitReportReporter -->
<testsuite hostname="LAPTOP-4JF1BIDK" failures="0" tests="3" name="practice.testng.ContactTest" time="0.023" errors="0" timestamp="2024-09-30T16:02:17 IST" skipped="0">
  <testcase classname="practice.testng.ContactTest" name="createContactTest" time="0.017"/>
  <testcase classname="practice.testng.ContactTest" name="deletecontactTest" time="0.002"/>
  <testcase classname="practice.testng.ContactTest" name="modifycontactTest" time="0.004"/>
</testsuite> <!-- practice.testng.ContactTest -->
