<?xml version="1.0" encoding="UTF-8"?>
<!-- Generated by org.testng.reporters.JUnitReportReporter -->
<testsuite hostname="LAPTOP-4JF1BIDK" failures="0" tests="2" name="com.pack1.CreateContactTest" time="0.020" errors="0" timestamp="2024-10-03T12:14:14 IST" skipped="0">
  <testcase classname="com.pack1.CreateContactTest" name="createcontact" time="0.015"/>
  <testcase classname="com.pack1.CreateContactTest" name="createcontactDD" time="0.005"/>
</testsuite> <!-- com.pack1.CreateContactTest -->
