<?xml version="1.0" encoding="UTF-8"?>
<!-- Generated by org.testng.reporters.JUnitReportReporter -->
<testsuite hostname="LAPTOP-4JF1BIDK" failures="0" tests="1" name="testcasedeepak2.TigerCRMOrgCreate" time="9.274" errors="0" timestamp="2024-10-21T13:14:08 IST" skipped="0">
  <testcase classname="testcasedeepak2.TigerCRMOrgCreate" name="orgcreate" time="9.274"/>
</testsuite> <!-- testcasedeepak2.TigerCRMOrgCreate -->
