<?xml version="1.0" encoding="UTF-8"?>
<!-- Generated by org.testng.reporters.JUnitXMLReporter -->
<testsuite ignored="0" hostname="LAPTOP-4JF1BIDK" failures="0" tests="3" name="Test-1" time="29.68" errors="0" timestamp="2024-10-07T15:15:08 IST">
  <testcase classname="testcasedeepak2.TigerCRMOrgCreate" name="TigerCRMOrgCreatewithindustrytype" time="6.551"/>
  <testcase classname="testcasedeepak2.TigerCRMOrgCreate" name="TigerCRMOrgCreatewithph" time="5.621"/>
  <testcase classname="testcasedeepak2.TigerCRMOrgCreate" name="orgcreate" time="5.381"/>
</testsuite> <!-- Test-1 -->
