<?xml version="1.0" encoding="UTF-8"?>
<!-- Generated by org.testng.reporters.JUnitXMLReporter -->
<testsuite ignored="0" hostname="LAPTOP-4JF1BIDK" failures="0" tests="3" name="Test-2" time="26.637" errors="0" timestamp="2024-10-07T15:15:05 IST">
  <testcase classname="testcasedeepak.TigerCRMContactCreatewithlastname" name="TigerCRMContactCreatewithlastnamedate" time="5.63"/>
  <testcase classname="testcasedeepak.TigerCRMContactCreatewithlastname" name="TigerCRMContactCreatewithphone" time="4.983"/>
  <testcase classname="testcasedeepak.TigerCRMContactCreatewithlastname" name="contactcreate" time="3.717"/>
</testsuite> <!-- Test-2 -->
